<?xml version="1.0" encoding="UTF-8"?>
<!-- Generated by org.testng.reporters.JUnitReportReporter -->
<testsuite skipped="0" hostname="SYSLT009" name="org.leaftap.testcases.TC001_CreateLead" tests="2" failures="0" timestamp="2019-11-09T14:19:40 IST" time="48.382" errors="0">
  <testcase name="CreateLead" time="24.654" classname="org.leaftap.testcases.TC001_CreateLead"/>
  <testcase name="CreateLead" time="23.728" classname="org.leaftap.testcases.TC001_CreateLead"/>
</testsuite> <!-- org.leaftap.testcases.TC001_CreateLead -->
